C51 COMPILER V9.60.7.0   MAIN                                                              06/24/2023 18:26:05 PAGE 1   


C51 COMPILER V9.60.7.0, COMPILATION OF MODULE MAIN
OBJECT MODULE PLACED IN .\Objects\main.obj
COMPILER INVOKED BY: D:\development\Keil_v5\C51\BIN\C51.EXE main.c OPTIMIZE(8,SPEED) BROWSE DEBUG OBJECTEXTEND PRINT(.\L
                    -istings\main.lst) TABS(2) OBJECT(.\Objects\main.obj)

line level    source

   1          #include <REGX52.H>
   2          #include <INTRINS.H>
   3          
   4          void delay(unsigned int xms)
   5          {
   6   1        unsigned char i, j;
   7   1        while (xms --) {
   8   2          i = 2;
   9   2          j = 239;
  10   2          
  11   2          do {
  12   3            while (--j);
  13   3          }while (i --);
  14   2        
  15   2        }
  16   1      }
  17          void main()
  18          {
  19   1        while(1) {
  20   2          //light
  21   2          P2 = 0xFE;
  22   2          delay(500);
  23   2          //delay 500ms
  24   2          
  25   2          //unlight
  26   2          P2 = 0xFD;
  27   2          delay(500);
  28   2          
  29   2          P2 = 0xFB;
  30   2          delay(500);
  31   2          
  32   2          P2 = 0xF7;
  33   2          delay(500);
  34   2          
  35   2          P2 = 0xEF;
  36   2          delay(500);
  37   2          
  38   2          P2 = 0xDF;
  39   2          delay(500);
  40   2          
  41   2          P2 = 0xBF;
  42   2          delay(500);
  43   2          
  44   2          P2 = 0x7F;
  45   2          delay(500);
  46   2        }
  47   1      }


MODULE INFORMATION:   STATIC OVERLAYABLE
   CODE SIZE        =     79    ----
   CONSTANT SIZE    =   ----    ----
   XDATA SIZE       =   ----    ----
   PDATA SIZE       =   ----    ----
C51 COMPILER V9.60.7.0   MAIN                                                              06/24/2023 18:26:05 PAGE 2   

   DATA SIZE        =   ----    ----
   IDATA SIZE       =   ----    ----
   BIT SIZE         =   ----    ----
END OF MODULE INFORMATION.


C51 COMPILATION COMPLETE.  0 WARNING(S),  0 ERROR(S)
