C51 COMPILER V9.60.7.0   BUZZER_TIME                                                       07/05/2023 18:57:22 PAGE 1   


C51 COMPILER V9.60.7.0, COMPILATION OF MODULE BUZZER_TIME
OBJECT MODULE PLACED IN .\Objects\Buzzer_Time.obj
COMPILER INVOKED BY: D:\development\Keil_v5\C51\BIN\C51.EXE Buzzer_Time.c OPTIMIZE(8,SPEED) BROWSE DEBUG OBJECTEXTEND PR
                    -INT(.\Listings\Buzzer_Time.lst) OBJECT(.\Objects\Buzzer_Time.obj)

line level    source

   1          #include <INTRINS.h>
   2          #include <REGX52.H>
   3          
   4          sbit Buzzer = P2^5;
   5          
   6          void Buzzer_Delay500us()                //@11.0592MHz
   7          {
   8   1              unsigned char data i;
   9   1      
  10   1              _nop_();
  11   1              i = 227;
  12   1              while (--i);
  13   1      }
  14          
  15          void Buzzer_Time(unsigned int xms)
  16          {
  17   1              unsigned int i;
  18   1              
  19   1              for (i = 0; i < xms * 2; i ++) {
  20   2                      Buzzer = !Buzzer;
  21   2                      Buzzer_Delay500us();
  22   2              }
  23   1      }


MODULE INFORMATION:   STATIC OVERLAYABLE
   CODE SIZE        =     40    ----
   CONSTANT SIZE    =   ----    ----
   XDATA SIZE       =   ----    ----
   PDATA SIZE       =   ----    ----
   DATA SIZE        =   ----    ----
   IDATA SIZE       =   ----    ----
   BIT SIZE         =   ----    ----
END OF MODULE INFORMATION.


C51 COMPILATION COMPLETE.  0 WARNING(S),  0 ERROR(S)
