C51 COMPILER V9.60.7.0   MAIN                                                              07/05/2023 18:58:48 PAGE 1   


C51 COMPILER V9.60.7.0, COMPILATION OF MODULE MAIN
OBJECT MODULE PLACED IN .\Objects\main.obj
COMPILER INVOKED BY: D:\development\Keil_v5\C51\BIN\C51.EXE main.c OPTIMIZE(8,SPEED) BROWSE DEBUG OBJECTEXTEND PRINT(.\L
                    -istings\main.lst) OBJECT(.\Objects\main.obj)

line level    source

   1          #include <REGX52.H>
   2          #include "delay.h"
   3          #include "key.h"
   4          #include "Nixie.h"
   5          #include "Buzzer_Time.h"
   6          
   7          
   8          void main()
   9          {
  10   1              unsigned char keyNum = 0, i = 0;
  11   1              Nixie(1, 0);
  12   1              while(1) {
  13   2                      keyNum = getKeyNum();
  14   2                      if (keyNum) {
  15   3                              Nixie(1, keyNum);
  16   3                              Buzzer_Time(100);
  17   3                      }
  18   2                      
  19   2                              
  20   2              }
  21   1      }


MODULE INFORMATION:   STATIC OVERLAYABLE
   CODE SIZE        =     38    ----
   CONSTANT SIZE    =   ----    ----
   XDATA SIZE       =   ----    ----
   PDATA SIZE       =   ----    ----
   DATA SIZE        =   ----       2
   IDATA SIZE       =   ----    ----
   BIT SIZE         =   ----    ----
END OF MODULE INFORMATION.


C51 COMPILATION COMPLETE.  0 WARNING(S),  0 ERROR(S)
