C51 COMPILER V9.60.7.0   DELAY                                                             07/19/2023 16:24:02 PAGE 1   


C51 COMPILER V9.60.7.0, COMPILATION OF MODULE DELAY
OBJECT MODULE PLACED IN .\Objects\delay.obj
COMPILER INVOKED BY: D:\development\Keil_v5\C51\BIN\C51.EXE delay.c OPTIMIZE(8,SPEED) BROWSE DEBUG OBJECTEXTEND PRINT(.\
                    -Listings\delay.lst) OBJECT(.\Objects\delay.obj)

line level    source

   1          #include <delay.h>
   2          
   3          void Delay500ms()               //@12.000MHz
   4          {
   5   1              unsigned char data i, j, k;
   6   1      
   7   1              i = 4;
   8   1              j = 205;
   9   1              k = 187;
  10   1              do
  11   1              {
  12   2                      do
  13   2                      {
  14   3                              while (--k);
  15   3                      } while (--j);
  16   2              } while (--i);
  17   1      }


MODULE INFORMATION:   STATIC OVERLAYABLE
   CODE SIZE        =     13    ----
   CONSTANT SIZE    =   ----    ----
   XDATA SIZE       =   ----    ----
   PDATA SIZE       =   ----    ----
   DATA SIZE        =   ----    ----
   IDATA SIZE       =   ----    ----
   BIT SIZE         =   ----    ----
END OF MODULE INFORMATION.


C51 COMPILATION COMPLETE.  0 WARNING(S),  0 ERROR(S)
