C51 COMPILER V9.60.7.0   MAIN                                                              07/19/2023 17:02:09 PAGE 1   


C51 COMPILER V9.60.7.0, COMPILATION OF MODULE MAIN
OBJECT MODULE PLACED IN .\Objects\main.obj
COMPILER INVOKED BY: D:\development\Keil_v5\C51\BIN\C51.EXE main.c OPTIMIZE(8,SPEED) BROWSE DEBUG OBJECTEXTEND PRINT(.\L
                    -istings\main.lst) OBJECT(.\Objects\main.obj)

line level    source

   1          #include <regx52.h>
   2          #include <delay.h>
   3          
   4          void flowing_led();
   5          int main()
   6          {
   7   1              P2 = 1;
   8   1              
   9   1              while (1) {
  10   2                      flowing_led();
  11   2              }
  12   1              
  13   1      }
  14          
  15          
  16          void flowing_led()
  17          {
  18   1              unsigned char i = 0;
  19   1              unsigned char temp= 0x01;
  20   1              for (i = 0; i < 8; i ++) {
  21   2                      P2 = ~(temp << i);
  22   2                      Delay500ms();
  23   2              }
  24   1      }
  25          
  26          
  27          


MODULE INFORMATION:   STATIC OVERLAYABLE
   CODE SIZE        =     45    ----
   CONSTANT SIZE    =   ----    ----
   XDATA SIZE       =   ----    ----
   PDATA SIZE       =   ----    ----
   DATA SIZE        =   ----       2
   IDATA SIZE       =   ----    ----
   BIT SIZE         =   ----    ----
END OF MODULE INFORMATION.


C51 COMPILATION COMPLETE.  0 WARNING(S),  0 ERROR(S)
