C51 COMPILER V9.60.7.0   NIXIE                                                             06/26/2023 23:12:07 PAGE 1   


C51 COMPILER V9.60.7.0, COMPILATION OF MODULE NIXIE
OBJECT MODULE PLACED IN .\Objects\Nixie.obj
COMPILER INVOKED BY: D:\development\Keil_v5\C51\BIN\C51.EXE Nixie.c OPTIMIZE(8,SPEED) BROWSE DEBUG OBJECTEXTEND PRINT(.\
                    -Listings\Nixie.lst) OBJECT(.\Objects\Nixie.obj)

line level    source

   1          #include <REGX52.H>
   2          #include "Delay.h"
   3          
   4          void Nixie(unsigned char Location, number)
   5          {
   6   1              unsigned char NixieTable[]={
   7   1              0x3F,  //"0"
   8   1          0x06,  //"1"
   9   1          0x5B,  //"2"
  10   1          0x4F,  //"3"
  11   1          0x66,  //"4"
  12   1          0x6D,  //"5"
  13   1          0x7D,  //"6"
  14   1          0x07,  //"7"
  15   1          0x7F,  //"8"
  16   1          0x6F,  //"9"
  17   1          0x77,  //"A"
  18   1          0x7C,  //"B"
  19   1          0x39,  //"C"
  20   1          0x5E,  //"D"
  21   1          0x79,  //"E"
  22   1          0x71,  //"F"
  23   1          0x76,  //"H"
  24   1          0x38,  //"L"
  25   1          0x37,  //"n"
  26   1          0x3E,  //"u"
  27   1          0x73,  //"P"
  28   1          0x5C,  //"o"
  29   1          0x40,  //"-"
  30   1          0x00  //??
  31   1              };
  32   1      
  33   1              switch(Location) {
  34   2                      case 1:P2_4 = 0; P2_3 = 0; P2_2 = 0;break;
  35   2                      case 2:P2_4 = 0; P2_3 = 0; P2_2 = 1;break;
  36   2                      case 3:P2_4 = 0; P2_3 = 1; P2_2 = 0;break;
  37   2                      case 4:P2_4 = 0; P2_3 = 1; P2_2 = 1;break;
  38   2                      case 5:P2_4 = 1; P2_3 = 0; P2_2 = 0;break;
  39   2                      case 6:P2_4 = 1; P2_3 = 0; P2_2 = 1;break;
  40   2                      case 7:P2_4 = 1; P2_3 = 1; P2_2 = 0;break;
  41   2                      case 8:P2_4 = 1; P2_3 = 1; P2_2 = 1;break;
  42   2              }
  43   1              
  44   1              P0 = NixieTable[number];
  45   1              Delay(1);
  46   1              P0 = 0x00;
  47   1      }


MODULE INFORMATION:   STATIC OVERLAYABLE
   CODE SIZE        =    136    ----
   CONSTANT SIZE    =     24    ----
   XDATA SIZE       =   ----    ----
   PDATA SIZE       =   ----    ----
C51 COMPILER V9.60.7.0   NIXIE                                                             06/26/2023 23:12:07 PAGE 2   

   DATA SIZE        =   ----      27
   IDATA SIZE       =   ----    ----
   BIT SIZE         =   ----    ----
END OF MODULE INFORMATION.


C51 COMPILATION COMPLETE.  0 WARNING(S),  0 ERROR(S)
