C51 COMPILER V9.60.7.0   MAIN                                                              06/30/2023 10:55:17 PAGE 1   


C51 COMPILER V9.60.7.0, COMPILATION OF MODULE MAIN
OBJECT MODULE PLACED IN .\Objects\main.obj
COMPILER INVOKED BY: D:\development\Keil_v5\C51\BIN\C51.EXE main.c OPTIMIZE(8,SPEED) BROWSE DEBUG OBJECTEXTEND PRINT(.\L
                    -istings\main.lst) OBJECT(.\Objects\main.obj)

line level    source

   1          #include <REGX52.H>
   2          #include "timer.h"
   3          #include "key.h"
   4          #include <INTRINS.H>
   5          
   6          unsigned int T_count;
   7          unsigned char key = 0;
   8          unsigned char LEDMOD = 0;
   9          
  10          void main()
  11          {
  12   1              P2 = 0xFE; // D1 light
  13   1              Timer0_init();
  14   1              while (1) {
  15   2                      key = getKeyNum(); // 1 left, 0 right
  16   2                      if (key) {
  17   3                              LEDMOD = key % 2;
  18   3                      }
  19   2              }
  20   1      }
  21          
  22          void Timer0_Routine() interrupt 1
  23          {
  24   1              TL0 = 64536 % 256;
  25   1              TH0 = 64536 / 256;
  26   1              T_count++;
  27   1              
  28   1              if (T_count >= 1000) {
  29   2                      if (LEDMOD == 0) {
  30   3                              P2 = _crol_(P2, 1);
  31   3                      }else {
  32   3                              P2 = _cror_(P2, 1);
  33   3                      }
  34   2                      T_count = 0;
  35   2              }
  36   1              
  37   1      }


MODULE INFORMATION:   STATIC OVERLAYABLE
   CODE SIZE        =    102    ----
   CONSTANT SIZE    =   ----    ----
   XDATA SIZE       =   ----    ----
   PDATA SIZE       =   ----    ----
   DATA SIZE        =      4    ----
   IDATA SIZE       =   ----    ----
   BIT SIZE         =   ----    ----
END OF MODULE INFORMATION.


C51 COMPILATION COMPLETE.  0 WARNING(S),  0 ERROR(S)
