C51 COMPILER V9.60.7.0   DS1302                                                            07/03/2023 20:18:56 PAGE 1   


C51 COMPILER V9.60.7.0, COMPILATION OF MODULE DS1302
OBJECT MODULE PLACED IN .\Objects\DS1302.obj
COMPILER INVOKED BY: D:\development\Keil_v5\C51\BIN\C51.EXE DS1302.c OPTIMIZE(8,SPEED) BROWSE DEBUG OBJECTEXTEND PRINT(.
                    -\Listings\DS1302.lst) OBJECT(.\Objects\DS1302.obj)

line level    source

   1          #include "DS1302.h"
   2          #include <REGX52.H>
   3          #include "LCD1602.h"
   4          sbit DS1302_CE = P3^5;
   5          sbit DS1302_IO = P3^4;
   6          sbit DS1302_SCLK = P3^6;
   7          
   8          //read or write addr
   9          #define DS1302_SEC 0x80                 //second
  10          #define DS1302_MIN 0x82                 //minute
  11          #define DS1302_HOUR 0x84                //houre
  12          #define DS1302_DATE 0x86                //datatime
  13          #define DS1302_MONTH 0x88               //month
  14          #define DS1302_DAY 0x8A                 //day
  15          #define DS1302_YEAR 0x8C                //year
  16          #define DS1302_WP 0x8E                  //open write?
  17          
  18          unsigned char DS1302_Addrr[] = {
  19                  DS1302_YEAR,
  20                  DS1302_MONTH,
  21                  DS1302_DATE,
  22                  DS1302_HOUR,
  23                  DS1302_MIN,
  24                  DS1302_SEC,
  25                  DS1302_DAY,
  26          };
  27          
  28          //current time
  29          char DS1302_Time[] = {
  30                  23,
  31                  12,
  32                  31,
  33                  10,
  34                  38,
  35                  23,
  36                  3
  37          };
  38          
  39          void DS1302_init()
  40          {
  41   1              DS1302_CE = 0;
  42   1              DS1302_SCLK = 0;
  43   1      }
  44          
  45          void DS1302_Write(unsigned char Command, Data)
  46          {
*** WARNING C235 IN LINE 46 OF DS1302.c: parameter 1: different types
  47   1              unsigned char i;
  48   1              DS1302_CE = 1;
  49   1              for (i = 0; i < 8; i ++) {
  50   2                      DS1302_IO = Command & (0x01 << i);
  51   2                      DS1302_SCLK = 1;
  52   2                      DS1302_SCLK = 0;
  53   2                      //LCD_ShowNum(1, 8 - i, DS1302_IO, 1);
C51 COMPILER V9.60.7.0   DS1302                                                            07/03/2023 20:18:56 PAGE 2   

  54   2              }
  55   1              
  56   1              for (i = 0; i < 8; i ++) {
  57   2                      
  58   2                      DS1302_IO = Data & (0x01 << i);
  59   2                      DS1302_SCLK = 1;
  60   2                      DS1302_SCLK = 0;        
  61   2                      //LCD_ShowNum(1, 8 - i, DS1302_IO, 1);
  62   2              }
  63   1              DS1302_CE = 0;
  64   1      }
  65          
  66          unsigned char DS1302_Read(unsigned char Command)
  67          {
  68   1              unsigned char i;
  69   1              unsigned char clk_data = 0x00;
  70   1              unsigned char temp;
  71   1              Command |= 0x01;
  72   1              DS1302_CE = 1;
  73   1              
  74   1              for (i = 0; i < 8; i ++) {
  75   2                      DS1302_IO = Command & (0x01 << i);
  76   2                      DS1302_SCLK = 1;
  77   2                      DS1302_SCLK = 0;
  78   2                      //LCD_ShowNum(1, 8 - i, DS1302_IO, 1);
  79   2              }
  80   1              
  81   1              for (i = 0; i < 8; i ++ ){
  82   2                      temp = DS1302_IO;
  83   2                      clk_data  = (temp << 7) | (clk_data >> 1);
  84   2                      DS1302_SCLK = 1;
  85   2                      DS1302_SCLK = 0;
  86   2              }
  87   1              
  88   1              DS1302_CE = 0;
  89   1              DS1302_IO = 0;
  90   1              return clk_data;
  91   1      }
  92          
  93          
  94          unsigned char dec2bcd(unsigned char dec)
  95          {
  96   1              return dec / 10 * 16 + dec % 10;
  97   1      }
  98          
  99          unsigned char bcd2dec(unsigned char bcd)
 100          {
 101   1              return bcd / 16 * 10 + bcd % 16;
 102   1      }
 103          
 104          
 105          /**
 106          * @brief set current time
 107          * @param
 108          * @retval
 109          */
 110          void set_time()
 111          {
 112   1              unsigned char i;
 113   1              DS1302_Write(DS1302_WP, 0x00); //allow write
 114   1              
 115   1              for ( i = 0; i < 7; i ++) {
C51 COMPILER V9.60.7.0   DS1302                                                            07/03/2023 20:18:56 PAGE 3   

 116   2                      DS1302_Write(DS1302_Addrr[i], dec2bcd(DS1302_Time[i]));
 117   2              }
 118   1              
 119   1              DS1302_Write(DS1302_WP, 0x80); //forbid write
 120   1      }
 121          
 122          void show_time()
 123          {
 124   1              unsigned char i;
 125   1              for ( i = 0; i < 7; i ++) {
 126   2                      DS1302_Time[i] = bcd2dec(DS1302_Read(DS1302_Addrr[i]));
 127   2              }
 128   1      }
 129          


MODULE INFORMATION:   STATIC OVERLAYABLE
   CODE SIZE        =    275    ----
   CONSTANT SIZE    =   ----    ----
   XDATA SIZE       =   ----    ----
   PDATA SIZE       =   ----    ----
   DATA SIZE        =     14       2
   IDATA SIZE       =   ----    ----
   BIT SIZE         =   ----    ----
END OF MODULE INFORMATION.


C51 COMPILATION COMPLETE.  1 WARNING(S),  0 ERROR(S)
