C51 COMPILER V9.60.7.0   MAIN                                                              06/25/2023 18:19:21 PAGE 1   


C51 COMPILER V9.60.7.0, COMPILATION OF MODULE MAIN
OBJECT MODULE PLACED IN .\Objects\main.obj
COMPILER INVOKED BY: D:\development\Keil_v5\C51\BIN\C51.EXE main.c OPTIMIZE(8,SPEED) BROWSE DEBUG OBJECTEXTEND PRINT(.\L
                    -istings\main.lst) OBJECT(.\Objects\main.obj)

line level    source

   1          #include <REGX52.H>
   2          
   3          void Delay1ms(unsigned int xms)         //@11.0592MHz
   4          {
   5   1              unsigned char data i, j;
   6   1      
   7   1              while (xms --) {
   8   2                      i = 2;
   9   2                      j = 199;
  10   2                      do
  11   2                      {
  12   3                              while (--j);
  13   3                      } while (--i);
  14   2              }
  15   1      }
  16          
  17          
  18          void main()
  19          {
  20   1              unsigned int tmp = 0x1;
  21   1              int count = 0;
  22   1              P2 = ~tmp;
  23   1              
  24   1              while(1) {
  25   2                      if (P3_1 == 0) {
  26   3                              Delay1ms(20);
  27   3                              
  28   3                              while (P3_1 == 0);
  29   3                              Delay1ms(20);
  30   3                              count = (count + 1) % 8;
  31   3                              P2 = ~(tmp << count);
  32   3                              
  33   3                      }
  34   2                      
  35   2                      if (P3_0 == 0) {
  36   3                              Delay1ms(20);
  37   3                              
  38   3                              while (P3_0 == 0);
  39   3                              Delay1ms(20);
  40   3                              count = (count - 1 + 8) % 8;
  41   3                              P2 = ~(tmp << count);
  42   3                              
  43   3                      }
  44   2              }
  45   1      }


MODULE INFORMATION:   STATIC OVERLAYABLE
   CODE SIZE        =    137    ----
   CONSTANT SIZE    =   ----    ----
   XDATA SIZE       =   ----    ----
   PDATA SIZE       =   ----    ----
   DATA SIZE        =   ----    ----
   IDATA SIZE       =   ----    ----
C51 COMPILER V9.60.7.0   MAIN                                                              06/25/2023 18:19:21 PAGE 2   

   BIT SIZE         =   ----    ----
END OF MODULE INFORMATION.


C51 COMPILATION COMPLETE.  0 WARNING(S),  0 ERROR(S)
