C51 COMPILER V9.60.7.0   MAIN                                                              07/21/2023 09:14:16 PAGE 1   


C51 COMPILER V9.60.7.0, COMPILATION OF MODULE MAIN
OBJECT MODULE PLACED IN .\Objects\main.obj
COMPILER INVOKED BY: D:\development\Keil_v5\C51\BIN\C51.EXE main.c OPTIMIZE(8,SPEED) BROWSE DEBUG OBJECTEXTEND PRINT(.\L
                    -istings\main.lst) OBJECT(.\Objects\main.obj)

line level    source

   1          #include <regx52.h>
   2          #include "serial.h"
   3          
   4          unsigned char rev_data = 0, flag = 0;
   5          void main()
   6          {
   7   1              timer1_init();
   8   1              serial_init();
   9   1              while (1) {
  10   2                      if (flag) {
  11   3                              send_byte(rev_data);
  12   3                              flag = 0;
  13   3                      }
  14   2              }
  15   1      }
  16          
  17          
  18          void serial_routine() interrupt 4
  19          {
  20   1              if (RI) {
  21   2                      rev_data = SBUF;
  22   2                      RI = 0;
  23   2                      flag = 1;
  24   2              }
  25   1      }


MODULE INFORMATION:   STATIC OVERLAYABLE
   CODE SIZE        =     32    ----
   CONSTANT SIZE    =   ----    ----
   XDATA SIZE       =   ----    ----
   PDATA SIZE       =   ----    ----
   DATA SIZE        =      2    ----
   IDATA SIZE       =   ----    ----
   BIT SIZE         =   ----    ----
END OF MODULE INFORMATION.


C51 COMPILATION COMPLETE.  0 WARNING(S),  0 ERROR(S)
