C51 COMPILER V9.60.7.0   SERIAL                                                            07/21/2023 09:14:17 PAGE 1   


C51 COMPILER V9.60.7.0, COMPILATION OF MODULE SERIAL
OBJECT MODULE PLACED IN .\Objects\serial.obj
COMPILER INVOKED BY: D:\development\Keil_v5\C51\BIN\C51.EXE serial.c OPTIMIZE(8,SPEED) BROWSE DEBUG OBJECTEXTEND PRINT(.
                    -\Listings\serial.lst) OBJECT(.\Objects\serial.obj)

line level    source

   1          #include <regx52.h>
   2          
   3          void serial_init()
   4          {
   5   1              SCON = 0x50;
   6   1              PCON = 0x80;
   7   1              
   8   1              //IE
   9   1              EA = 1;
  10   1              ES = 1;
  11   1      }
  12          
  13          void timer1_init()
  14          {
  15   1              //TCON
  16   1              TF1 = 0;
  17   1              TR1 = 1;
  18   1              
  19   1              //IE
  20   1              ET1 = 0;
  21   1              EA = 1;
  22   1              
  23   1              //TMOD
  24   1              TMOD &= 0x0F;
  25   1              TMOD |= 0x20;
  26   1              
  27   1              //
  28   1              TH1 = TL1 = 0xFA;
  29   1      }
  30          
  31          void send_byte(unsigned char Byte)
  32          {
  33   1              SBUF = Byte;
  34   1              
  35   1              while(TI == 0);
  36   1              TI = 0;
  37   1      }


MODULE INFORMATION:   STATIC OVERLAYABLE
   CODE SIZE        =     40    ----
   CONSTANT SIZE    =   ----    ----
   XDATA SIZE       =   ----    ----
   PDATA SIZE       =   ----    ----
   DATA SIZE        =   ----    ----
   IDATA SIZE       =   ----    ----
   BIT SIZE         =   ----    ----
END OF MODULE INFORMATION.


C51 COMPILATION COMPLETE.  0 WARNING(S),  0 ERROR(S)
