C51 COMPILER V9.60.7.0   MAIN                                                              06/29/2023 13:35:21 PAGE 1   


C51 COMPILER V9.60.7.0, COMPILATION OF MODULE MAIN
OBJECT MODULE PLACED IN .\Objects\main.obj
COMPILER INVOKED BY: D:\development\Keil_v5\C51\BIN\C51.EXE main.c OPTIMIZE(8,SPEED) BROWSE DEBUG OBJECTEXTEND PRINT(.\L
                    -istings\main.lst) OBJECT(.\Objects\main.obj)

line level    source

   1          #include <REGX52.H>
   2          #include "matrix.h"
   3          #include "LCD1602.h"
   4          #include "delay.h"
   5          
   6          unsigned int keyNum;
   7          unsigned char count;
   8          unsigned int password;
   9          unsigned int truePwd = 1234;
  10          void main()
  11          {
  12   1              LCD_Init();
  13   1              LCD_ShowString(1, 1, "Hello");
  14   1              while (1) {
  15   2                      keyNum = getMatrixNum();
  16   2                      
  17   2                      if (keyNum && keyNum <= 10 && count < 4) {                      
  18   3                              password = password * 10 + keyNum % 10;
  19   3                              LCD_ShowNum(2, 1, password, 4);
  20   3                              count ++;
  21   3                      }
  22   2                      
  23   2                      if (keyNum == 11) {
  24   3                              if (password == truePwd) {
  25   4                                      LCD_ShowString(1, 10, "OK ");
  26   4                              }else {
  27   4                                      LCD_ShowString(1, 10, "ERR");
  28   4                              }
  29   3                      }
  30   2                      
  31   2                      if (keyNum == 12) {
  32   3                              password = 0;
  33   3                              count = 0;
  34   3                              LCD_ShowNum(2, 1, password, 4);
  35   3                      }
  36   2              }
  37   1      }


MODULE INFORMATION:   STATIC OVERLAYABLE
   CODE SIZE        =    165    ----
   CONSTANT SIZE    =     14    ----
   XDATA SIZE       =   ----    ----
   PDATA SIZE       =   ----    ----
   DATA SIZE        =      7    ----
   IDATA SIZE       =   ----    ----
   BIT SIZE         =   ----    ----
END OF MODULE INFORMATION.


C51 COMPILATION COMPLETE.  0 WARNING(S),  0 ERROR(S)
