C51 COMPILER V9.60.7.0   MATRIX                                                            06/29/2023 13:20:14 PAGE 1   


C51 COMPILER V9.60.7.0, COMPILATION OF MODULE MATRIX
OBJECT MODULE PLACED IN .\Objects\matrix.obj
COMPILER INVOKED BY: D:\development\Keil_v5\C51\BIN\C51.EXE matrix.c OPTIMIZE(8,SPEED) BROWSE DEBUG OBJECTEXTEND PRINT(.
                    -\Listings\matrix.lst) OBJECT(.\Objects\matrix.obj)

line level    source

   1          #include "delay.h"
   2          #include "matrix.h"
   3          #include <REGX52.H>
   4          
   5          unsigned char getMatrixNum()
   6          {
   7   1              
   8   1              
   9   1              unsigned char getSnum = 0;
  10   1      
  11   1              P1 = 0xFF;
  12   1                      
  13   1              //control first col
  14   1              P1_3 = 0;
  15   1              if (P1_7 == 0) {Delayxms(20); while(P1_7 == 0); Delayxms(20); getSnum = 1;}
  16   1              if (P1_6 == 0) {Delayxms(20); while(P1_6 == 0); Delayxms(20); getSnum = 5;}
  17   1              if (P1_5 == 0) {Delayxms(20); while(P1_5 == 0); Delayxms(20); getSnum = 9;}
  18   1              if (P1_4 == 0) {Delayxms(20); while(P1_4 == 0); Delayxms(20); getSnum = 13;}
  19   1              
  20   1              //second col
  21   1              P1 = 0xFF;
  22   1              P1_2 = 0;
  23   1              if (P1_7 == 0) {Delayxms(20); while(P1_7 == 0); Delayxms(20); getSnum = 2;}
  24   1              if (P1_6 == 0) {Delayxms(20); while(P1_6 == 0); Delayxms(20); getSnum = 6;}
  25   1              if (P1_5 == 0) {Delayxms(20); while(P1_5 == 0); Delayxms(20); getSnum = 10;}
  26   1              if (P1_4 == 0) {Delayxms(20); while(P1_4 == 0); Delayxms(20); getSnum = 14;}
  27   1              
  28   1              P1 = 0xFF;
  29   1              P1_1 = 0;
  30   1              if (P1_7 == 0) {Delayxms(20); while(P1_7 == 0); Delayxms(20); getSnum = 3;}
  31   1              if (P1_6 == 0) {Delayxms(20); while(P1_6 == 0); Delayxms(20); getSnum = 7;}
  32   1              if (P1_5 == 0) {Delayxms(20); while(P1_5 == 0); Delayxms(20); getSnum = 11;}
  33   1              if (P1_4 == 0) {Delayxms(20); while(P1_4 == 0); Delayxms(20); getSnum = 15;}
  34   1              
  35   1              P1 = 0xFF;
  36   1              P1_0 = 0;
  37   1              if (P1_7 == 0) {Delayxms(20); while(P1_7 == 0); Delayxms(20); getSnum = 4;}
  38   1              if (P1_6 == 0) {Delayxms(20); while(P1_6 == 0); Delayxms(20); getSnum = 8;}
  39   1              if (P1_5 == 0) {Delayxms(20); while(P1_5 == 0); Delayxms(20); getSnum = 12;}
  40   1              if (P1_4 == 0) {Delayxms(20); while(P1_4 == 0); Delayxms(20); getSnum = 16;}
  41   1              
  42   1              
  43   1              return getSnum;
  44   1              
  45   1      }


MODULE INFORMATION:   STATIC OVERLAYABLE
   CODE SIZE        =    393    ----
   CONSTANT SIZE    =   ----    ----
   XDATA SIZE       =   ----    ----
   PDATA SIZE       =   ----    ----
   DATA SIZE        =   ----       1
   IDATA SIZE       =   ----    ----
C51 COMPILER V9.60.7.0   MATRIX                                                            06/29/2023 13:20:14 PAGE 2   

   BIT SIZE         =   ----    ----
END OF MODULE INFORMATION.


C51 COMPILATION COMPLETE.  0 WARNING(S),  0 ERROR(S)
