C51 COMPILER V9.60.7.0   TIMER                                                             06/30/2023 13:21:38 PAGE 1   


C51 COMPILER V9.60.7.0, COMPILATION OF MODULE TIMER
OBJECT MODULE PLACED IN .\Objects\timer.obj
COMPILER INVOKED BY: D:\development\Keil_v5\C51\BIN\C51.EXE timer.c OPTIMIZE(8,SPEED) BROWSE DEBUG OBJECTEXTEND PRINT(.\
                    -Listings\timer.lst) OBJECT(.\Objects\timer.obj)

line level    source

   1          #include <REGX52.H>
   2          #include "timer.h"
   3          
   4          void Timer0_init()
   5          {
   6   1              //set model
   7   1              TMOD &= 0xF0;
   8   1              TMOD |= 0x01;
   9   1              
  10   1              //set low and hight
  11   1              TL0 = 64536 % 256;
  12   1              TH0 = 64536 / 256;
  13   1              
  14   1              //set TCON
  15   1              TF0 = 0; // prevent interruption at the first time
  16   1              TR0 = 1;
  17   1              
  18   1              ET0 = 1;
  19   1              EA = 1;
  20   1              PT0 = 0;
  21   1      }


MODULE INFORMATION:   STATIC OVERLAYABLE
   CODE SIZE        =     23    ----
   CONSTANT SIZE    =   ----    ----
   XDATA SIZE       =   ----    ----
   PDATA SIZE       =   ----    ----
   DATA SIZE        =   ----    ----
   IDATA SIZE       =   ----    ----
   BIT SIZE         =   ----    ----
END OF MODULE INFORMATION.


C51 COMPILATION COMPLETE.  0 WARNING(S),  0 ERROR(S)
