C51 COMPILER V9.60.7.0   AT24C02                                                           07/09/2023 12:35:33 PAGE 1   


C51 COMPILER V9.60.7.0, COMPILATION OF MODULE AT24C02
OBJECT MODULE PLACED IN .\Objects\AT24C02.obj
COMPILER INVOKED BY: D:\development\Keil_v5\C51\BIN\C51.EXE AT24C02.c OPTIMIZE(8,SPEED) BROWSE DEBUG OBJECTEXTEND PRINT(
                    -.\Listings\AT24C02.lst) OBJECT(.\Objects\AT24C02.obj)

line level    source

   1          #include "I2C.h"
   2          #include "AT24C02.h"
   3          #include <REGX52.H>
   4          
   5          void AT24C02_Write(unsigned char addr, Data)
   6          {
   7   1              unsigned char Ack = -1;
   8   1              I2C_init();
   9   1              I2C_SByte(0xA0);
  10   1              I2C_RA();
  11   1              I2C_SByte(addr);
  12   1              I2C_RA();
  13   1              I2C_SByte(Data);
  14   1              I2C_RA();
  15   1              I2C_end();
  16   1      }
  17          
  18          
  19          unsigned char AT24C02_Read(unsigned char addr)
  20          {
  21   1              unsigned char Data;
  22   1              I2C_init();
  23   1              I2C_SByte(0xA0);
  24   1              I2C_RA();
  25   1              I2C_SByte(addr);
  26   1              I2C_RA();
  27   1              
  28   1              I2C_init();
  29   1              I2C_SByte(0xA0 | 0x01);
  30   1              I2C_RA();
  31   1              Data = I2C_RByte();
  32   1              
  33   1              I2C_SA(1);
  34   1              I2C_end();
  35   1              return Data;
  36   1      }


MODULE INFORMATION:   STATIC OVERLAYABLE
   CODE SIZE        =     87    ----
   CONSTANT SIZE    =   ----    ----
   XDATA SIZE       =   ----    ----
   PDATA SIZE       =   ----    ----
   DATA SIZE        =   ----       6
   IDATA SIZE       =   ----    ----
   BIT SIZE         =   ----    ----
END OF MODULE INFORMATION.


C51 COMPILATION COMPLETE.  0 WARNING(S),  0 ERROR(S)
