C51 COMPILER V9.60.7.0   I2C                                                               07/07/2023 19:07:26 PAGE 1   


C51 COMPILER V9.60.7.0, COMPILATION OF MODULE I2C
OBJECT MODULE PLACED IN .\Objects\I2C.obj
COMPILER INVOKED BY: D:\development\Keil_v5\C51\BIN\C51.EXE I2C.c OPTIMIZE(8,SPEED) BROWSE DEBUG OBJECTEXTEND PRINT(.\Li
                    -stings\I2C.lst) OBJECT(.\Objects\I2C.obj)

line level    source

   1          #include "I2C.h"
   2          
   3          #include <REGX52.H>
   4          
   5          sbit I2C_SCL = P2^1;
   6          sbit I2C_SDA = P2^0;
   7          
   8          /**
   9          * @brief start
  10          * @param
  11          * @retval
  12          */
  13          void I2C_init()
  14          {
  15   1              I2C_SCL = 1;
  16   1              I2C_SDA = 1;
  17   1              I2C_SDA = 0;
  18   1              I2C_SCL = 0;
  19   1      }
  20          
  21          /**
  22          * @brief stop read or write
  23          * @param
  24          * @retval
  25          */
  26          void I2C_end()
  27          {
  28   1              I2C_SDA = 0;
  29   1              I2C_SCL = 1;
  30   1              I2C_SDA = 1;
  31   1      }
  32          
  33          /**
  34          * @brief send byte
  35          * @param
  36          * @retval
  37          */
  38          void I2C_SByte(unsigned char Byte)
  39          {
  40   1              unsigned char i = 0, base = 0x80;
  41   1              for (i = 0; i < 8; i ++) {
  42   2                      I2C_SDA = Byte & (base >> i);
  43   2                      I2C_SCL = 1;
  44   2                      I2C_SCL = 0;
  45   2              }
  46   1      }
  47          
  48          unsigned char I2C_RByte(void)
  49          {
  50   1              unsigned char i = 0, receive = 0, base = 0x80;
  51   1              I2C_SDA = 1;
  52   1              
  53   1              for (i = 0; i < 8; i ++) {
  54   2                      if (I2C_SDA) {
C51 COMPILER V9.60.7.0   I2C                                                               07/07/2023 19:07:26 PAGE 2   

  55   3                              receive |= (base >> i);
  56   3                      }
  57   2                      I2C_SCL = 1;
  58   2                      I2C_SCL = 0;
  59   2              }
  60   1              
  61   1              return receive;
  62   1      }
  63          
  64          void I2C_SA(unsigned char sa) {
  65   1              I2C_SDA = sa;
  66   1              I2C_SCL = 1;
  67   1              I2C_SCL = 0;
  68   1      }
  69          
  70          unsigned char I2C_RA() {
  71   1              unsigned char ra = 0;
  72   1              I2C_SDA = 1;
  73   1              ra= I2C_SDA;
  74   1              I2C_SCL = 1;
  75   1              I2C_SCL = 0;
  76   1              return ra;
  77   1      }


MODULE INFORMATION:   STATIC OVERLAYABLE
   CODE SIZE        =     99    ----
   CONSTANT SIZE    =   ----    ----
   XDATA SIZE       =   ----    ----
   PDATA SIZE       =   ----    ----
   DATA SIZE        =   ----    ----
   IDATA SIZE       =   ----    ----
   BIT SIZE         =   ----    ----
END OF MODULE INFORMATION.


C51 COMPILATION COMPLETE.  0 WARNING(S),  0 ERROR(S)
