C51 COMPILER V9.60.7.0   MAIN                                                              07/09/2023 12:36:22 PAGE 1   


C51 COMPILER V9.60.7.0, COMPILATION OF MODULE MAIN
OBJECT MODULE PLACED IN .\Objects\main.obj
COMPILER INVOKED BY: D:\development\Keil_v5\C51\BIN\C51.EXE main.c OPTIMIZE(8,SPEED) BROWSE DEBUG OBJECTEXTEND PRINT(.\L
                    -istings\main.lst) OBJECT(.\Objects\main.obj)

line level    source

   1          #include "AT24C02.h"
   2          #include "LCD1602.h"
   3          #include <REGX52.H>
   4          #include "delay.h"
   5          #include "timer.h"
   6          void main()
   7          {
   8   1              unsigned char Data;
   9   1              LCD_Init();
  10   1              LCD_ShowString(2, 1, "hello");
  11   1              P2 = 0;
  12   1              Timer0_init();
  13   1              //P2 = 0;
  14   1              //AT24C02_Write(0, 66);
  15   1              //Delayxms(5);
  16   1              //Data = AT24C02_Read(0);
  17   1              //if (Data == 66) P2 = 0;
  18   1              while (1) {
  19   2                      
  20   2              }
  21   1      }
*** WARNING C280 IN LINE 8 OF main.c: 'Data': unreferenced local variable
  22          
  23          
  24          void timer0_Routine() interrupt 1
  25          {
  26   1              static unsigned int T_count;
  27   1              TL0 = 0x18;
  28   1              TH0 = 0xFC;
  29   1              T_count ++;
  30   1              if (T_count >= 1000) {
  31   2                      T_count = 0;
  32   2                      P2 = ~P2;
  33   2              }
  34   1      }


MODULE INFORMATION:   STATIC OVERLAYABLE
   CODE SIZE        =     65    ----
   CONSTANT SIZE    =      6    ----
   XDATA SIZE       =   ----    ----
   PDATA SIZE       =   ----    ----
   DATA SIZE        =      2       1
   IDATA SIZE       =   ----    ----
   BIT SIZE         =   ----    ----
END OF MODULE INFORMATION.


C51 COMPILATION COMPLETE.  1 WARNING(S),  0 ERROR(S)
