C51 COMPILER V9.60.7.0   MAIN                                                              07/19/2023 19:18:07 PAGE 1   


C51 COMPILER V9.60.7.0, COMPILATION OF MODULE MAIN
OBJECT MODULE PLACED IN .\Objects\main.obj
COMPILER INVOKED BY: D:\development\Keil_v5\C51\BIN\C51.EXE main.c OPTIMIZE(8,SPEED) BROWSE DEBUG OBJECTEXTEND PRINT(.\L
                    -istings\main.lst) OBJECT(.\Objects\main.obj)

line level    source

   1          #include <regx52.h>
   2          
   3          sbit led1 = P2^0;
   4          sbit led2 = P2^1;
   5          void int0_init();
   6          void int1_init();
   7          void main()
   8          {
   9   1              led1 = 0;
  10   1              led2 = 0;
  11   1              int0_init();
  12   1              int1_init();
  13   1              while(1) {
  14   2                      
  15   2              }
  16   1      }
  17          
  18          void int0_init()
  19          {
  20   1              IT0 = 1;
  21   1              EX0 = 1;
  22   1              EA = 1;
  23   1      }
  24          
  25          void int1_init()
  26          {
  27   1              IT1 = 1;
  28   1              EX1 = 1;
  29   1              EA = 1;
  30   1      }
  31          
  32          void int0_routine() interrupt 0
  33          {
  34   1              led1 = ~led1;
  35   1              
  36   1      }
  37          
  38          void int1_routine() interrupt 2
  39          {
  40   1              led2 = ~led2;
  41   1      }


MODULE INFORMATION:   STATIC OVERLAYABLE
   CODE SIZE        =     32    ----
   CONSTANT SIZE    =   ----    ----
   XDATA SIZE       =   ----    ----
   PDATA SIZE       =   ----    ----
   DATA SIZE        =   ----    ----
   IDATA SIZE       =   ----    ----
   BIT SIZE         =   ----    ----
END OF MODULE INFORMATION.


C51 COMPILATION COMPLETE.  0 WARNING(S),  0 ERROR(S)
