C51 COMPILER V9.60.7.0   MAIN                                                              07/03/2023 09:21:52 PAGE 1   


C51 COMPILER V9.60.7.0, COMPILATION OF MODULE MAIN
OBJECT MODULE PLACED IN .\Objects\main.obj
COMPILER INVOKED BY: D:\development\Keil_v5\C51\BIN\C51.EXE main.c OPTIMIZE(8,SPEED) BROWSE DEBUG OBJECTEXTEND PRINT(.\L
                    -istings\main.lst) OBJECT(.\Objects\main.obj)

line level    source

   1          #include <REGX52.H>
   2          #include "LCD1602.h"
   3          #include "DS1302.h"
   4          
   5          unsigned char sec;
   6          void main()
   7          {
   8   1              LCD_Init();
   9   1              DS1302_Init();
  10   1              //LCD_ShowString(1,1,"  -  -  ");//静态字符初始化显示
  11   1              //LCD_ShowString(2,1,"  :  :  ");
  12   1              LCD_ShowString(1, 1, "RTC");
  13   1              //DS1302_SetTime();//设置时间
  14   1              DS1302_WriteByte(0x8E, 0x00);
  15   1              DS1302_WriteByte(0x80, 0x07);
  16   1              
  17   1              while(1)
  18   1              {
  19   2                      sec = DS1302_ReadByte(0x81);
  20   2                      LCD_ShowNum(2, 1, sec, 3);
  21   2                      //DS1302_ReadTime();//读取时间
  22   2                      //LCD_ShowNum(1,1,DS1302_Time[0],2);//显示年
  23   2                      //LCD_ShowNum(1,4,DS1302_Time[1],2);//显示月
  24   2                      //LCD_ShowNum(1,7,DS1302_Time[2],2);//显示日
  25   2                      //LCD_ShowNum(2,1,DS1302_Time[3],2);//显示时
  26   2                      //LCD_ShowNum(2,4,DS1302_Time[4],2);//显示分
  27   2                      //LCD_ShowNum(2,7,DS1302_Time[5],2);//显示秒
  28   2              }
  29   1      }
  30          


MODULE INFORMATION:   STATIC OVERLAYABLE
   CODE SIZE        =     59    ----
   CONSTANT SIZE    =      4    ----
   XDATA SIZE       =   ----    ----
   PDATA SIZE       =   ----    ----
   DATA SIZE        =      1    ----
   IDATA SIZE       =   ----    ----
   BIT SIZE         =   ----    ----
END OF MODULE INFORMATION.


C51 COMPILATION COMPLETE.  0 WARNING(S),  0 ERROR(S)
