C51 COMPILER V9.60.7.0   MAIN                                                              08/03/2023 13:59:13 PAGE 1   


C51 COMPILER V9.60.7.0, COMPILATION OF MODULE MAIN
OBJECT MODULE PLACED IN .\Objects\main.obj
COMPILER INVOKED BY: D:\development\Keil_v5\C51\BIN\C51.EXE main.c OPTIMIZE(8,SPEED) BROWSE DEBUG OBJECTEXTEND PRINT(.\L
                    -istings\main.lst) OBJECT(.\Objects\main.obj)

line level    source

   1          #include <REG52.H>
   2          #include "infrared.h"
   3          #include "Delay.h"
   4          #include "timer0.h"
   5          
   6          unsigned char adr;
   7          unsigned char cmd;
   8          unsigned char cmdCpy;
   9          unsigned int time;
  10          unsigned char speed = 50;
  11          unsigned char counter = 0;
  12          sbit L1 = P2^0;
  13          sbit L2 = P2^1;
  14          sbit R1 = P2^2;
  15          sbit R2 = P2^3;
  16          void main()
  17          {
  18   1          infrared_init();
  19   1              Timer1_Init();
*** WARNING C206 IN LINE 19 OF main.c: 'Timer1_Init': missing function-prototype
  20   1              L1 = R1 = L2 = R2 = 0;
  21   1              
  22   1          while (1) {
  23   2              if (IR_get_data_flag()) {
  24   3                  adr = IR_get_data_addr();
  25   3                  cmd = IR_get_data_command();
  26   3              }
  27   2          }
  28   1      }
  29          
  30          void Timer1_Isr(void) interrupt 3
  31          {
  32   1              TL1 = 0xA4;                             //???????
  33   1              TH1 = 0xFF;                             //???????
  34   1              
  35   1              counter ++;
  36   1              counter %= 100;
  37   1              
  38   1              if (cmd == 24) {
  39   2                      L2 = R2 = 0;
  40   2                      if (counter <= speed) L1 = R1 = 1;
  41   2                      else L1 = R1 = 0;
  42   2              }else if (cmd == 82) {
  43   2                      L1 = R1 = 0;
  44   2                      if (counter <= speed) L2 = R2 = 1;
  45   2                      else L2 = R2 = 0;
  46   2              }else if (cmd == 8) {
  47   2                      L2 = R2 = 0;
  48   2                      if (counter <= speed) R1 = 1;
  49   2                      else R1 = 0;
  50   2                      if (counter <= speed - 30) L1 = 1;
  51   2                      else L1 = 0;
  52   2              }else if (cmd == 90) {
  53   2                      L2 = R2 = 0;
C51 COMPILER V9.60.7.0   MAIN                                                              08/03/2023 13:59:13 PAGE 2   

  54   2                      if (counter <= speed) L1 = 1;
  55   2                      else L1 = 0;
  56   2                      if (counter <= speed - 30) R1 = 1;
  57   2                      else R1 = 0;
  58   2              }else {
  59   2                      L1 = R1 = L2 = R2 = 0;
  60   2              }
  61   1      }


MODULE INFORMATION:   STATIC OVERLAYABLE
   CODE SIZE        =    213    ----
   CONSTANT SIZE    =   ----    ----
   XDATA SIZE       =   ----    ----
   PDATA SIZE       =   ----    ----
   DATA SIZE        =      7    ----
   IDATA SIZE       =   ----    ----
   BIT SIZE         =   ----    ----
END OF MODULE INFORMATION.


C51 COMPILATION COMPLETE.  1 WARNING(S),  0 ERROR(S)
