C51 COMPILER V9.60.7.0   NIXIE                                                             08/03/2023 10:00:17 PAGE 1   


C51 COMPILER V9.60.7.0, COMPILATION OF MODULE NIXIE
OBJECT MODULE PLACED IN .\Objects\Nixie.obj
COMPILER INVOKED BY: D:\development\Keil_v5\C51\BIN\C51.EXE Nixie.c OPTIMIZE(8,SPEED) BROWSE DEBUG OBJECTEXTEND PRINT(.\
                    -Listings\Nixie.lst) OBJECT(.\Objects\Nixie.obj)

line level    source

   1          #include <REG52.H>
   2          #include "Delay.h"
   3          sbit p24 = P2^4;
   4          sbit p23 = P2^3;
   5          sbit p22 = P2^2;
   6          
   7          void Nixie(unsigned char Location, number)
   8          {
   9   1              unsigned char NixieTable[]={
  10   1              0x3F,  //"0"
  11   1          0x06,  //"1"
  12   1          0x5B,  //"2"
  13   1          0x4F,  //"3"
  14   1          0x66,  //"4"
  15   1          0x6D,  //"5"
  16   1          0x7D,  //"6"
  17   1          0x07,  //"7"
  18   1          0x7F,  //"8"
  19   1          0x6F,  //"9"
  20   1          0x77,  //"A"
  21   1          0x7C,  //"B"
  22   1          0x39,  //"C"
  23   1          0x5E,  //"D"
  24   1          0x79,  //"E"
  25   1          0x71,  //"F"
  26   1          0x76,  //"H"
  27   1          0x38,  //"L"
  28   1          0x37,  //"n"
  29   1          0x3E,  //"u"
  30   1          0x73,  //"P"
  31   1          0x5C,  //"o"
  32   1          0x40,  //"-"
  33   1          0x00  //??
  34   1              };
  35   1      
  36   1              switch(Location) {
  37   2                      case 1:p24 = 0; p23 = 0; p22 = 0;break;
  38   2                      case 2:p24 = 0; p23 = 0; p22 = 1;break;
  39   2                      case 3:p24 = 0; p23 = 1; p22 = 0;break;
  40   2                      case 4:p24 = 0; p23 = 1; p22 = 1;break;
  41   2                      case 5:p24 = 1; p23 = 0; p22 = 0;break;
  42   2                      case 6:p24 = 1; p23 = 0; p22 = 1;break;
  43   2                      case 7:p24 = 1; p23 = 1; p22 = 0;break;
  44   2                      case 8:p24 = 1; p23 = 1; p22 = 1;break;
  45   2              }
  46   1              
  47   1              P0 = NixieTable[number];
  48   1              Delay(1);
  49   1              P0 = 0x00;
  50   1      }


MODULE INFORMATION:   STATIC OVERLAYABLE
   CODE SIZE        =    136    ----
C51 COMPILER V9.60.7.0   NIXIE                                                             08/03/2023 10:00:17 PAGE 2   

   CONSTANT SIZE    =     24    ----
   XDATA SIZE       =   ----    ----
   PDATA SIZE       =   ----    ----
   DATA SIZE        =   ----      27
   IDATA SIZE       =   ----    ----
   BIT SIZE         =   ----    ----
END OF MODULE INFORMATION.


C51 COMPILATION COMPLETE.  0 WARNING(S),  0 ERROR(S)
