C51 COMPILER V9.60.7.0   PWM                                                               08/03/2023 13:59:13 PAGE 1   


C51 COMPILER V9.60.7.0, COMPILATION OF MODULE PWM
OBJECT MODULE PLACED IN .\Objects\pwm.obj
COMPILER INVOKED BY: D:\development\Keil_v5\C51\BIN\C51.EXE pwm.c OPTIMIZE(8,SPEED) BROWSE DEBUG OBJECTEXTEND PRINT(.\Li
                    -stings\pwm.lst) OBJECT(.\Objects\pwm.obj)

line level    source

   1          #include "pwm.h"
   2          
   3          void set_speed(unsigned char speed)
   4          {
   5   1              
   6   1      }
*** WARNING C280 IN LINE 3 OF pwm.c: 'speed': unreferenced local variable


MODULE INFORMATION:   STATIC OVERLAYABLE
   CODE SIZE        =      3    ----
   CONSTANT SIZE    =   ----    ----
   XDATA SIZE       =   ----    ----
   PDATA SIZE       =   ----    ----
   DATA SIZE        =   ----       1
   IDATA SIZE       =   ----    ----
   BIT SIZE         =   ----    ----
END OF MODULE INFORMATION.


C51 COMPILATION COMPLETE.  1 WARNING(S),  0 ERROR(S)
