C51 COMPILER V9.60.7.0   TIMER1                                                            08/03/2023 13:59:13 PAGE 1   


C51 COMPILER V9.60.7.0, COMPILATION OF MODULE TIMER1
OBJECT MODULE PLACED IN .\Objects\timer1.obj
COMPILER INVOKED BY: D:\development\Keil_v5\C51\BIN\C51.EXE timer1.c OPTIMIZE(8,SPEED) BROWSE DEBUG OBJECTEXTEND PRINT(.
                    -\Listings\timer1.lst) OBJECT(.\Objects\timer1.obj)

line level    source

   1          #include "timer1.h"
   2          #include <REGX52.h>
   3          
   4          void Timer1_Init(void)          //100??@11.0592MHz
   5          {
   6   1              TMOD &= 0x0F;                   //???????
   7   1              TMOD |= 0x10;                   //???????
   8   1              TL1 = 0xA4;                             //???????
   9   1              TH1 = 0xFF;                             //???????
  10   1              TF1 = 0;                                //??TF1??
  11   1              TR1 = 1;                                //???1????
  12   1              ET1 = 1;                                //?????1??
  13   1              EA = 1;
  14   1      }


MODULE INFORMATION:   STATIC OVERLAYABLE
   CODE SIZE        =     21    ----
   CONSTANT SIZE    =   ----    ----
   XDATA SIZE       =   ----    ----
   PDATA SIZE       =   ----    ----
   DATA SIZE        =   ----    ----
   IDATA SIZE       =   ----    ----
   BIT SIZE         =   ----    ----
END OF MODULE INFORMATION.


C51 COMPILATION COMPLETE.  0 WARNING(S),  0 ERROR(S)
