C51 COMPILER V9.60.7.0   TIMER0                                                            08/03/2023 13:59:13 PAGE 1   


C51 COMPILER V9.60.7.0, COMPILATION OF MODULE TIMER0
OBJECT MODULE PLACED IN .\Objects\timer0.obj
COMPILER INVOKED BY: D:\development\Keil_v5\C51\BIN\C51.EXE timer0.c OPTIMIZE(8,SPEED) BROWSE DEBUG OBJECTEXTEND PRINT(.
                    -\Listings\timer0.lst) OBJECT(.\Objects\timer0.obj)

line level    source

   1          #include <REG52.H>
   2          
   3          void Timer0_Init(void)          //100微秒@11.0592MHz
   4          {
   5   1              TMOD &= 0xF0;                   //设置定时器模式
   6   1              TMOD |= 0x01;                   //设置定时器模式
   7   1      
   8   1              TF0 = 0;                                //清除TF0标志
   9   1              TR0 = 0;                                //定时器0开始计时
  10   1      }
  11          
  12          /**
  13           * 设置定时时长
  14          */
  15          void Timer0_Init_set_counter(unsigned int variable)
  16          {
  17   1          TL0 = variable % 256;                               //设置定时初始值
  18   1              TH0 = variable / 256;               //设置定时初始值
  19   1      }
  20          
  21          unsigned int Timer0_Init_get_counter(void)
  22          {
  23   1          return (TH0 << 8) | TL0;
  24   1      }
  25          
  26          
  27          void Timer0_control(unsigned char flag)
  28          {
  29   1          TR0 = flag;
  30   1      }
  31          
  32          


MODULE INFORMATION:   STATIC OVERLAYABLE
   CODE SIZE        =     33    ----
   CONSTANT SIZE    =   ----    ----
   XDATA SIZE       =   ----    ----
   PDATA SIZE       =   ----    ----
   DATA SIZE        =   ----    ----
   IDATA SIZE       =   ----    ----
   BIT SIZE         =   ----    ----
END OF MODULE INFORMATION.


C51 COMPILATION COMPLETE.  0 WARNING(S),  0 ERROR(S)
