C51 COMPILER V9.60.7.0   TIMER0                                                            07/19/2023 18:08:18 PAGE 1   


C51 COMPILER V9.60.7.0, COMPILATION OF MODULE TIMER0
OBJECT MODULE PLACED IN .\Objects\timer0.obj
COMPILER INVOKED BY: D:\development\Keil_v5\C51\BIN\C51.EXE timer0.c OPTIMIZE(8,SPEED) BROWSE DEBUG OBJECTEXTEND PRINT(.
                    -\Listings\timer0.lst) OBJECT(.\Objects\timer0.obj)

line level    source

   1          #include "timer0.h"
   2          #include <regx52.h>
   3          
   4          
   5          void Timer0_Init(void)          //10??@12.000MHz
   6          {
   7   1              TMOD &= 0xF0;                   //???????
   8   1              TMOD |= 0x01;                   //???????
   9   1              TL0 = 0xF0;                             //???????
  10   1              TH0 = 0xD8;                             //???????
  11   1              TF0 = 0;                                //??TF0??
  12   1              TR0 = 1;                                //???0????
  13   1              EA = 1;
  14   1              ET0 = 1;
  15   1      }


MODULE INFORMATION:   STATIC OVERLAYABLE
   CODE SIZE        =     21    ----
   CONSTANT SIZE    =   ----    ----
   XDATA SIZE       =   ----    ----
   PDATA SIZE       =   ----    ----
   DATA SIZE        =   ----    ----
   IDATA SIZE       =   ----    ----
   BIT SIZE         =   ----    ----
END OF MODULE INFORMATION.


C51 COMPILATION COMPLETE.  0 WARNING(S),  0 ERROR(S)
