C51 COMPILER V9.60.7.0   INT0                                                              07/25/2023 17:01:17 PAGE 1   


C51 COMPILER V9.60.7.0, COMPILATION OF MODULE INT0
OBJECT MODULE PLACED IN .\Objects\Int0.obj
COMPILER INVOKED BY: D:\development\Keil_v5\C51\BIN\C51.EXE Int0.c OPTIMIZE(8,SPEED) BROWSE DEBUG OBJECTEXTEND PRINT(.\L
                    -istings\Int0.lst) OBJECT(.\Objects\Int0.obj)

line level    source

   1          #include "Int0.h"
   2          #include <regx52.h>
   3          void Int0_init(void)
   4          {
   5   1              IT0 = 1;
   6   1              EX0 = 1;
   7   1              EA = 1;
   8   1              PX0 = 1;
   9   1      }


MODULE INFORMATION:   STATIC OVERLAYABLE
   CODE SIZE        =      9    ----
   CONSTANT SIZE    =   ----    ----
   XDATA SIZE       =   ----    ----
   PDATA SIZE       =   ----    ----
   DATA SIZE        =   ----    ----
   IDATA SIZE       =   ----    ----
   BIT SIZE         =   ----    ----
END OF MODULE INFORMATION.


C51 COMPILATION COMPLETE.  0 WARNING(S),  0 ERROR(S)
