C51 COMPILER V9.60.7.0   TIMER0                                                            07/25/2023 17:01:17 PAGE 1   


C51 COMPILER V9.60.7.0, COMPILATION OF MODULE TIMER0
OBJECT MODULE PLACED IN .\Objects\Timer0.obj
COMPILER INVOKED BY: D:\development\Keil_v5\C51\BIN\C51.EXE Timer0.c OPTIMIZE(8,SPEED) BROWSE DEBUG OBJECTEXTEND PRINT(.
                    -\Listings\Timer0.lst) OBJECT(.\Objects\Timer0.obj)

line level    source

   1          #include "Timer0.h"
   2          #include <regx52.h>
   3          void Timer0_Init(void)          //1??@11.0592MHz
   4          {
   5   1              TMOD &= 0xF0;                   //???????
   6   1              TMOD |= 0x01;                   //???????
   7   1              TL0 = 0x66;                             //???????
   8   1              TH0 = 0xFC;                             //???????
   9   1              TF0 = 0;                                //??TF0??
  10   1              TR0 = 1;                                //???0????
  11   1              
  12   1              ET0 = 1;
  13   1              EA = 1;
  14   1      }


MODULE INFORMATION:   STATIC OVERLAYABLE
   CODE SIZE        =     21    ----
   CONSTANT SIZE    =   ----    ----
   XDATA SIZE       =   ----    ----
   PDATA SIZE       =   ----    ----
   DATA SIZE        =   ----    ----
   IDATA SIZE       =   ----    ----
   BIT SIZE         =   ----    ----
END OF MODULE INFORMATION.


C51 COMPILATION COMPLETE.  0 WARNING(S),  0 ERROR(S)
